\BOOKMARK [1][-]{song1-1.1}{1. Doxology}{}
\BOOKMARK [1][-]{song1-2.1}{2. And Can It Be}{}
\BOOKMARK [1][-]{song1-3.1}{3. My Jesus I Love Thee}{}
\BOOKMARK [1][-]{song1-4.1}{4. Amazing Grace}{}
\BOOKMARK [1][-]{song1-5.1}{5. It Is Well With My Soul}{}
\BOOKMARK [1][-]{song1-6.1}{6. What A Friend We Have In Jesus}{}
\BOOKMARK [1][-]{song1-7.1}{7. O Love That Will Not Let Me Go}{}
\BOOKMARK [1][-]{song1-8.1}{8. Come Thou Fount}{}
\BOOKMARK [1][-]{song1-9.1}{9. Holy Holy Holy}{}
\BOOKMARK [1][-]{song1-10.1}{10. How Great Thou Art}{}
\BOOKMARK [1][-]{song1-11.1}{11. Be Thou My Vision}{}
\BOOKMARK [1][-]{song1-12.1}{12. In The Garden}{}
\BOOKMARK [1][-]{song1-13.1}{13. Great Is Thy Faithfulness}{}
\BOOKMARK [1][-]{song1-14.1}{14. O The Deep Deep Love of Jesus}{}
\BOOKMARK [1][-]{song1-15.1}{15. Jesus Lover Of My Soul}{}
\BOOKMARK [1][-]{song1-16.1}{16. When I Survey The Wondrous Cross}{}
\BOOKMARK [1][-]{song1-17.1}{17. Crown Him With Many Crowns}{}
\BOOKMARK [1][-]{song1-18.1}{18. Fairest Lord Jesus}{}
\BOOKMARK [1][-]{song1-19.1}{19. Turn Your Eyes Upon Jesus}{}
\BOOKMARK [1][-]{song1-20.1}{20. Joyful Joyful We Adore Thee}{}
\BOOKMARK [1][-]{song1-21.1}{21. O For A Thousand Tongues To Sing}{}
\BOOKMARK [1][-]{song1-22.1}{22. All Glory, Laud, And Honor}{}
\BOOKMARK [1][-]{song1-23.1}{23. All Hail The Power Of Jesus Name}{}
\BOOKMARK [1][-]{song1-24.1}{24. Immortal Invisible}{}
\BOOKMARK [1][-]{song1-25.1}{25. Take My Life And Let It Be}{}
\BOOKMARK [1][-]{song1-26.1}{26. Christ The Lord Is Risen Today}{}
\BOOKMARK [1][-]{song1-27.1}{27. I Sing The Mighty Power Of God}{}
\BOOKMARK [1][-]{song1-28.1}{28. All Creatures Of Our God And King}{}
\BOOKMARK [1][-]{song1-29.1}{29. A Mighty Fortress Is Our God}{}
