This file contains any messages produced by compilers while
running configure, to aid debugging if configure makes a mistake.

It was created by songs configure 2.11, which was
generated by GNU Autoconf 2.59.  Invocation command line was

  $ ./configure --with-texmf-path=/usr/share/texmf

## --------- ##
## Platform. ##
## --------- ##

hostname = stevia
uname -m = i686
uname -r = 2.6.35-22-generic-pae
uname -s = Linux
uname -v = #35-Ubuntu SMP Sat Oct 16 22:16:51 UTC 2010

/usr/bin/uname -p = unknown
/bin/uname -X     = unknown

/bin/arch              = unknown
/usr/bin/arch -k       = unknown
/usr/convex/getsysinfo = unknown
hostinfo               = unknown
/bin/machine           = unknown
/usr/bin/oslevel       = unknown
/bin/universe          = unknown

PATH: /home/djo/bin
PATH: /usr/local/java/current/bin
PATH: /usr/local/sbin
PATH: /usr/local/bin
PATH: /usr/sbin
PATH: /usr/bin
PATH: /sbin
PATH: /bin
PATH: /usr/games
PATH: /usr/local/java/maven/bin
PATH: /usr/local/java/ant/bin
PATH: /usr/local/java/scala/bin
PATH: /home/djo/bin/android/tools
PATH: /home/djo/bin/pax-construct/bin


## ----------- ##
## Core tests. ##
## ----------- ##

configure:1356: checking for a BSD-compatible install
configure:1411: result: /usr/bin/install -c
configure:1422: checking whether build environment is sane
configure:1465: result: yes
configure:1530: checking for gawk
configure:1559: result: no
configure:1530: checking for mawk
configure:1546: found /usr/bin/mawk
configure:1556: result: mawk
configure:1566: checking whether make sets $(MAKE)
configure:1586: result: yes
configure:1803: checking for gcc
configure:1819: found /usr/bin/gcc
configure:1829: result: gcc
configure:2073: checking for C compiler version
configure:2076: gcc --version </dev/null >&5
gcc (Ubuntu/Linaro 4.4.4-14ubuntu5) 4.4.5
Copyright (C) 2010 Free Software Foundation, Inc.
This is free software; see the source for copying conditions.  There is NO
warranty; not even for MERCHANTABILITY or FITNESS FOR A PARTICULAR PURPOSE.

configure:2079: $? = 0
configure:2081: gcc -v </dev/null >&5
Using built-in specs.
Target: i686-linux-gnu
Configured with: ../src/configure -v --with-pkgversion='Ubuntu/Linaro 4.4.4-14ubuntu5' --with-bugurl=file:///usr/share/doc/gcc-4.4/README.Bugs --enable-languages=c,c++,fortran,objc,obj-c++ --prefix=/usr --program-suffix=-4.4 --enable-shared --enable-multiarch --enable-linker-build-id --with-system-zlib --libexecdir=/usr/lib --without-included-gettext --enable-threads=posix --with-gxx-include-dir=/usr/include/c++/4.4 --libdir=/usr/lib --enable-nls --with-sysroot=/ --enable-clocale=gnu --enable-libstdcxx-debug --enable-objc-gc --enable-targets=all --disable-werror --with-arch-32=i686 --with-tune=generic --enable-checking=release --build=i686-linux-gnu --host=i686-linux-gnu --target=i686-linux-gnu
Thread model: posix
gcc version 4.4.5 (Ubuntu/Linaro 4.4.4-14ubuntu5) 
configure:2084: $? = 0
configure:2086: gcc -V </dev/null >&5
gcc: '-V' option must have argument
configure:2089: $? = 1
configure:2112: checking for C compiler default output file name
configure:2115: gcc    conftest.c  >&5
configure:2118: $? = 0
configure:2164: result: a.out
configure:2169: checking whether the C compiler works
configure:2175: ./a.out
configure:2178: $? = 0
configure:2195: result: yes
configure:2202: checking whether we are cross compiling
configure:2204: result: no
configure:2207: checking for suffix of executables
configure:2209: gcc -o conftest    conftest.c  >&5
configure:2212: $? = 0
configure:2237: result: 
configure:2243: checking for suffix of object files
configure:2264: gcc -c   conftest.c >&5
configure:2267: $? = 0
configure:2289: result: o
configure:2293: checking whether we are using the GNU C compiler
configure:2317: gcc -c   conftest.c >&5
configure:2323: $? = 0
configure:2327: test -z 
			 || test ! -s conftest.err
configure:2330: $? = 0
configure:2333: test -s conftest.o
configure:2336: $? = 0
configure:2349: result: yes
configure:2355: checking whether gcc accepts -g
configure:2376: gcc -c -g  conftest.c >&5
configure:2382: $? = 0
configure:2386: test -z 
			 || test ! -s conftest.err
configure:2389: $? = 0
configure:2392: test -s conftest.o
configure:2395: $? = 0
configure:2406: result: yes
configure:2423: checking for gcc option to accept ANSI C
configure:2493: gcc  -c -g -O2  conftest.c >&5
configure:2499: $? = 0
configure:2503: test -z 
			 || test ! -s conftest.err
configure:2506: $? = 0
configure:2509: test -s conftest.o
configure:2512: $? = 0
configure:2530: result: none needed
configure:2548: gcc -c -g -O2  conftest.c >&5
conftest.c:2: error: expected '=', ',', ';', 'asm' or '__attribute__' before 'me'
configure:2554: $? = 1
configure: failed program was:
| #ifndef __cplusplus
|   choke me
| #endif
configure:2698: checking for style of include used by make
configure:2726: result: GNU
configure:2754: checking dependency style of gcc
configure:2844: result: gcc3
configure:2874: checking for a BSD-compatible install
configure:2929: result: /usr/bin/install -c
configure:2978: checking for latex
configure:2994: found /usr/bin/latex
configure:3004: result: latex
configure:3029: checking for pdflatex
configure:3045: found /usr/bin/pdflatex
configure:3055: result: pdflatex
configure:3080: checking for makeindex
configure:3096: found /usr/bin/makeindex
configure:3106: result: makeindex
configure:3131: checking for dvips
configure:3147: found /usr/bin/dvips
configure:3157: result: dvips
configure:3182: checking for texhash
configure:3198: found /usr/bin/texhash
configure:3208: result: texhash
configure:3233: checking for kpsewhich
configure:3249: found /usr/bin/kpsewhich
configure:3259: result: kpsewhich
configure:3282: checking for vim
configure:3311: result: no
configure:3334: checking for vimfiles path
configure:3342: WARNING: Vim not found. Vim support files will not be installed.
configure:3351: result: 
configure:3385: checking for texmf local path
configure:3412: result: /usr/share/texmf
configure:3429: checking how to run the C preprocessor
configure:3464: gcc -E  conftest.c
configure:3470: $? = 0
configure:3502: gcc -E  conftest.c
conftest.c:11: fatal error: ac_nonexistent.h: No such file or directory
compilation terminated.
configure:3508: $? = 1
configure: failed program was:
| /* confdefs.h.  */
| 
| #define PACKAGE_NAME "songs"
| #define PACKAGE_TARNAME "songs"
| #define PACKAGE_VERSION "2.11"
| #define PACKAGE_STRING "songs 2.11"
| #define PACKAGE_BUGREPORT ""
| #define PACKAGE "songs"
| #define VERSION "2.11"
| /* end confdefs.h.  */
| #include <ac_nonexistent.h>
configure:3547: result: gcc -E
configure:3571: gcc -E  conftest.c
configure:3577: $? = 0
configure:3609: gcc -E  conftest.c
conftest.c:11: fatal error: ac_nonexistent.h: No such file or directory
compilation terminated.
configure:3615: $? = 1
configure: failed program was:
| /* confdefs.h.  */
| 
| #define PACKAGE_NAME "songs"
| #define PACKAGE_TARNAME "songs"
| #define PACKAGE_VERSION "2.11"
| #define PACKAGE_STRING "songs 2.11"
| #define PACKAGE_BUGREPORT ""
| #define PACKAGE "songs"
| #define VERSION "2.11"
| /* end confdefs.h.  */
| #include <ac_nonexistent.h>
configure:3659: checking for egrep
configure:3669: result: grep -E
configure:3674: checking for ANSI C header files
configure:3699: gcc -c -g -O2  conftest.c >&5
configure:3705: $? = 0
configure:3709: test -z 
			 || test ! -s conftest.err
configure:3712: $? = 0
configure:3715: test -s conftest.o
configure:3718: $? = 0
configure:3807: gcc -o conftest -g -O2   conftest.c  >&5
conftest.c: In function 'main':
conftest.c:28: warning: incompatible implicit declaration of built-in function 'exit'
configure:3810: $? = 0
configure:3812: ./conftest
configure:3815: $? = 0
configure:3830: result: yes
configure:3854: checking for sys/types.h
configure:3870: gcc -c -g -O2  conftest.c >&5
configure:3876: $? = 0
configure:3880: test -z 
			 || test ! -s conftest.err
configure:3883: $? = 0
configure:3886: test -s conftest.o
configure:3889: $? = 0
configure:3900: result: yes
configure:3854: checking for sys/stat.h
configure:3870: gcc -c -g -O2  conftest.c >&5
configure:3876: $? = 0
configure:3880: test -z 
			 || test ! -s conftest.err
configure:3883: $? = 0
configure:3886: test -s conftest.o
configure:3889: $? = 0
configure:3900: result: yes
configure:3854: checking for stdlib.h
configure:3870: gcc -c -g -O2  conftest.c >&5
configure:3876: $? = 0
configure:3880: test -z 
			 || test ! -s conftest.err
configure:3883: $? = 0
configure:3886: test -s conftest.o
configure:3889: $? = 0
configure:3900: result: yes
configure:3854: checking for string.h
configure:3870: gcc -c -g -O2  conftest.c >&5
configure:3876: $? = 0
configure:3880: test -z 
			 || test ! -s conftest.err
configure:3883: $? = 0
configure:3886: test -s conftest.o
configure:3889: $? = 0
configure:3900: result: yes
configure:3854: checking for memory.h
configure:3870: gcc -c -g -O2  conftest.c >&5
configure:3876: $? = 0
configure:3880: test -z 
			 || test ! -s conftest.err
configure:3883: $? = 0
configure:3886: test -s conftest.o
configure:3889: $? = 0
configure:3900: result: yes
configure:3854: checking for strings.h
configure:3870: gcc -c -g -O2  conftest.c >&5
configure:3876: $? = 0
configure:3880: test -z 
			 || test ! -s conftest.err
configure:3883: $? = 0
configure:3886: test -s conftest.o
configure:3889: $? = 0
configure:3900: result: yes
configure:3854: checking for inttypes.h
configure:3870: gcc -c -g -O2  conftest.c >&5
configure:3876: $? = 0
configure:3880: test -z 
			 || test ! -s conftest.err
configure:3883: $? = 0
configure:3886: test -s conftest.o
configure:3889: $? = 0
configure:3900: result: yes
configure:3854: checking for stdint.h
configure:3870: gcc -c -g -O2  conftest.c >&5
configure:3876: $? = 0
configure:3880: test -z 
			 || test ! -s conftest.err
configure:3883: $? = 0
configure:3886: test -s conftest.o
configure:3889: $? = 0
configure:3900: result: yes
configure:3854: checking for unistd.h
configure:3870: gcc -c -g -O2  conftest.c >&5
configure:3876: $? = 0
configure:3880: test -z 
			 || test ! -s conftest.err
configure:3883: $? = 0
configure:3886: test -s conftest.o
configure:3889: $? = 0
configure:3900: result: yes
configure:3931: checking locale.h usability
configure:3943: gcc -c -g -O2  conftest.c >&5
configure:3949: $? = 0
configure:3953: test -z 
			 || test ! -s conftest.err
configure:3956: $? = 0
configure:3959: test -s conftest.o
configure:3962: $? = 0
configure:3972: result: yes
configure:3976: checking locale.h presence
configure:3986: gcc -E  conftest.c
configure:3992: $? = 0
configure:4012: result: yes
configure:4047: checking for locale.h
configure:4054: result: yes
configure:3922: checking for stdlib.h
configure:3927: result: yes
configure:3931: checking stdio.h usability
configure:3943: gcc -c -g -O2  conftest.c >&5
configure:3949: $? = 0
configure:3953: test -z 
			 || test ! -s conftest.err
configure:3956: $? = 0
configure:3959: test -s conftest.o
configure:3962: $? = 0
configure:3972: result: yes
configure:3976: checking stdio.h presence
configure:3986: gcc -E  conftest.c
configure:3992: $? = 0
configure:4012: result: yes
configure:4047: checking for stdio.h
configure:4054: result: yes
configure:3922: checking for string.h
configure:3927: result: yes
configure:3931: checking wchar.h usability
configure:3943: gcc -c -g -O2  conftest.c >&5
configure:3949: $? = 0
configure:3953: test -z 
			 || test ! -s conftest.err
configure:3956: $? = 0
configure:3959: test -s conftest.o
configure:3962: $? = 0
configure:3972: result: yes
configure:3976: checking wchar.h presence
configure:3986: gcc -E  conftest.c
configure:3992: $? = 0
configure:4012: result: yes
configure:4047: checking for wchar.h
configure:4054: result: yes
configure:3931: checking wctype.h usability
configure:3943: gcc -c -g -O2  conftest.c >&5
configure:3949: $? = 0
configure:3953: test -z 
			 || test ! -s conftest.err
configure:3956: $? = 0
configure:3959: test -s conftest.o
configure:3962: $? = 0
configure:3972: result: yes
configure:3976: checking wctype.h presence
configure:3986: gcc -E  conftest.c
configure:3992: $? = 0
configure:4012: result: yes
configure:4047: checking for wctype.h
configure:4054: result: yes
configure:4067: checking for an ANSI C-conforming const
configure:4134: gcc -c -g -O2  conftest.c >&5
configure:4140: $? = 0
configure:4144: test -z 
			 || test ! -s conftest.err
configure:4147: $? = 0
configure:4150: test -s conftest.o
configure:4153: $? = 0
configure:4164: result: yes
configure:4174: checking for size_t
configure:4198: gcc -c -g -O2  conftest.c >&5
configure:4204: $? = 0
configure:4208: test -z 
			 || test ! -s conftest.err
configure:4211: $? = 0
configure:4214: test -s conftest.o
configure:4217: $? = 0
configure:4228: result: yes
configure:4245: checking for stdlib.h
configure:4250: result: yes
configure:4390: checking for GNU libc compatible realloc
configure:4419: gcc -o conftest -g -O2   conftest.c  >&5
configure:4422: $? = 0
configure:4424: ./conftest
configure:4427: $? = 0
configure:4441: result: yes
configure:4476: checking for setlocale
configure:4533: gcc -o conftest -g -O2   conftest.c  >&5
configure:4539: $? = 0
configure:4543: test -z 
			 || test ! -s conftest.err
configure:4546: $? = 0
configure:4549: test -s conftest
configure:4552: $? = 0
configure:4564: result: yes
configure:4476: checking for strrchr
configure:4533: gcc -o conftest -g -O2   conftest.c  >&5
conftest.c:54: warning: conflicting types for built-in function 'strrchr'
configure:4539: $? = 0
configure:4543: test -z 
			 || test ! -s conftest.err
configure:4546: $? = 0
configure:4549: test -s conftest
configure:4552: $? = 0
configure:4564: result: yes
configure:4574: checking for wchar_t
configure:4609: gcc -c -g -O2  conftest.c >&5
configure:4615: $? = 0
configure:4619: test -z 
			 || test ! -s conftest.err
configure:4622: $? = 0
configure:4625: test -s conftest.o
configure:4628: $? = 0
configure:4639: result: yes
configure:4772: creating ./config.status

## ---------------------- ##
## Running config.status. ##
## ---------------------- ##

This file was extended by songs config.status 2.11, which was
generated by GNU Autoconf 2.59.  Invocation command line was

  CONFIG_FILES    = 
  CONFIG_HEADERS  = 
  CONFIG_LINKS    = 
  CONFIG_COMMANDS = 
  $ ./config.status 

on stevia

config.status:705: creating Makefile
config.status:705: creating src/songs/GNUmakefile
config.status:705: creating src/songidx/Makefile
config.status:705: creating sample/GNUmakefile
config.status:705: creating src/sbdchk/Makefile
config.status:705: creating src/vim/Makefile
config.status:809: creating src/config.h
config.status:1117: executing depfiles commands

## ---------------- ##
## Cache variables. ##
## ---------------- ##

ac_cv_c_compiler_gnu=yes
ac_cv_c_const=yes
ac_cv_env_CC_set=
ac_cv_env_CC_value=
ac_cv_env_CFLAGS_set=
ac_cv_env_CFLAGS_value=
ac_cv_env_CPPFLAGS_set=
ac_cv_env_CPPFLAGS_value=
ac_cv_env_CPP_set=
ac_cv_env_CPP_value=
ac_cv_env_LDFLAGS_set=
ac_cv_env_LDFLAGS_value=
ac_cv_env_build_alias_set=
ac_cv_env_build_alias_value=
ac_cv_env_host_alias_set=
ac_cv_env_host_alias_value=
ac_cv_env_target_alias_set=
ac_cv_env_target_alias_value=
ac_cv_exeext=
ac_cv_func_realloc_0_nonnull=yes
ac_cv_func_setlocale=yes
ac_cv_func_strrchr=yes
ac_cv_header_inttypes_h=yes
ac_cv_header_locale_h=yes
ac_cv_header_memory_h=yes
ac_cv_header_stdc=yes
ac_cv_header_stdint_h=yes
ac_cv_header_stdio_h=yes
ac_cv_header_stdlib_h=yes
ac_cv_header_string_h=yes
ac_cv_header_strings_h=yes
ac_cv_header_sys_stat_h=yes
ac_cv_header_sys_types_h=yes
ac_cv_header_unistd_h=yes
ac_cv_header_wchar_h=yes
ac_cv_header_wctype_h=yes
ac_cv_objext=o
ac_cv_path_install='/usr/bin/install -c'
ac_cv_prog_AWK=mawk
ac_cv_prog_CPP='gcc -E'
ac_cv_prog_ac_ct_CC=gcc
ac_cv_prog_cc_g=yes
ac_cv_prog_cc_stdc=
ac_cv_prog_dvips=dvips
ac_cv_prog_egrep='grep -E'
ac_cv_prog_kpsewhich=kpsewhich
ac_cv_prog_latex=latex
ac_cv_prog_make_make_set=yes
ac_cv_prog_makeindex=makeindex
ac_cv_prog_pdflatex=pdflatex
ac_cv_prog_texhash=texhash
ac_cv_texmf_path=/usr/share/texmf
ac_cv_type_size_t=yes
ac_cv_type_wchar_t=yes
ac_cv_vimfiles_path=
am_cv_CC_dependencies_compiler_type=gcc3

## ----------------- ##
## Output variables. ##
## ----------------- ##

ACLOCAL='${SHELL} /home/djo/workspaces/pieceoftheloaf.github.com/hymnal/download/songs-2.11/missing --run aclocal-1.9'
AMDEPBACKSLASH='\'
AMDEP_FALSE='#'
AMDEP_TRUE=''
AMTAR='${SHELL} /home/djo/workspaces/pieceoftheloaf.github.com/hymnal/download/songs-2.11/missing --run tar'
AUTOCONF='${SHELL} /home/djo/workspaces/pieceoftheloaf.github.com/hymnal/download/songs-2.11/missing --run autoconf'
AUTOHEADER='${SHELL} /home/djo/workspaces/pieceoftheloaf.github.com/hymnal/download/songs-2.11/missing --run autoheader'
AUTOMAKE='${SHELL} /home/djo/workspaces/pieceoftheloaf.github.com/hymnal/download/songs-2.11/missing --run automake-1.9'
AWK='mawk'
CC='gcc'
CCDEPMODE='depmode=gcc3'
CFLAGS='-g -O2'
COND_VIM_FALSE=''
COND_VIM_TRUE='#'
CPP='gcc -E'
CPPFLAGS=''
CYGPATH_W='echo'
DEFS='-DHAVE_CONFIG_H'
DEPDIR='.deps'
ECHO_C=''
ECHO_N='-n'
ECHO_T=''
EGREP='grep -E'
EXEEXT=''
INSTALL_DATA='${INSTALL} -m 644'
INSTALL_PROGRAM='${INSTALL}'
INSTALL_SCRIPT='${INSTALL}'
INSTALL_STRIP_PROGRAM='${SHELL} $(install_sh) -c -s'
LDFLAGS=''
LIBOBJS=''
LIBS=''
LTLIBOBJS=''
MAKEINFO='${SHELL} /home/djo/workspaces/pieceoftheloaf.github.com/hymnal/download/songs-2.11/missing --run makeinfo'
OBJEXT='o'
PACKAGE='songs'
PACKAGE_BUGREPORT=''
PACKAGE_NAME='songs'
PACKAGE_STRING='songs 2.11'
PACKAGE_TARNAME='songs'
PACKAGE_VERSION='2.11'
PATH_SEPARATOR=':'
SET_MAKE=''
SHELL='/bin/bash'
STRIP=''
VERSION='2.11'
ac_ct_CC='gcc'
ac_ct_STRIP=''
am__fastdepCC_FALSE='#'
am__fastdepCC_TRUE=''
am__include='include'
am__leading_dot='.'
am__quote=''
am__tar='${AMTAR} chof - "$$tardir"'
am__untar='${AMTAR} xf -'
bindir='${exec_prefix}/bin'
build_alias=''
datadir='${prefix}/share'
dvips='dvips'
exec_prefix='${prefix}'
host_alias=''
includedir='${prefix}/include'
infodir='${prefix}/info'
install_sh='/home/djo/workspaces/pieceoftheloaf.github.com/hymnal/download/songs-2.11/install-sh'
kpsewhich='kpsewhich'
latex='latex'
libdir='${exec_prefix}/lib'
libexecdir='${exec_prefix}/libexec'
localstatedir='${prefix}/var'
makeindex='makeindex'
mandir='${prefix}/man'
mkdir_p='mkdir -p --'
oldincludedir='/usr/include'
pdflatex='pdflatex'
prefix='/usr/local'
program_transform_name='s,x,x,'
sbindir='${exec_prefix}/sbin'
sharedstatedir='${prefix}/com'
sysconfdir='${prefix}/etc'
target_alias=''
texhash='texhash'
texmfpath='/usr/share/texmf'
vim=''
vimfilespath=''

## ----------- ##
## confdefs.h. ##
## ----------- ##

#define HAVE_INTTYPES_H 1
#define HAVE_LOCALE_H 1
#define HAVE_MEMORY_H 1
#define HAVE_REALLOC 1
#define HAVE_SETLOCALE 1
#define HAVE_STDINT_H 1
#define HAVE_STDIO_H 1
#define HAVE_STDLIB_H 1
#define HAVE_STDLIB_H 1
#define HAVE_STDLIB_H 1
#define HAVE_STRINGS_H 1
#define HAVE_STRING_H 1
#define HAVE_STRING_H 1
#define HAVE_STRRCHR 1
#define HAVE_SYS_STAT_H 1
#define HAVE_SYS_TYPES_H 1
#define HAVE_UNISTD_H 1
#define HAVE_WCHAR_H 1
#define HAVE_WCHAR_T 1
#define HAVE_WCTYPE_H 1
#define PACKAGE "songs"
#define PACKAGE_BUGREPORT ""
#define PACKAGE_NAME "songs"
#define PACKAGE_STRING "songs 2.11"
#define PACKAGE_TARNAME "songs"
#define PACKAGE_VERSION "2.11"
#define STDC_HEADERS 1
#define VERSION "2.11"

configure: exit 0
